A D/aligntool////
A D/apbsrun////
A D/atomedit////
A D/autoimd////
A D/autoionize////
A D/autopsf////
A D/bendix////
A D/bignum////
A D/biocore////
A D/blast////
A D/bossconvert////
A D/catdcd////
A D/cgtools////
A D/chirality////
A D/cionize////
A D/cispeptide////
A D/cliptool////
A D/clonerep////
A D/clustalw////
A D/cluster////
A D/colorbar////
A D/colorscalebar////
A D/contactmap////
A D/dataimport////
A D/demomaster////
A D/dipwatch////
A D/doc////
A D/dowser////
A D/exectool////
A D/extendedpdb////
A D/fftk////
A D/fmtool////
A D/gofrgui////
A D/graphene////
A D/hbonds////
A D/heatmapper////
A D/hesstrans////
A D/idatm////
A D/ilstools////
A D/imdmenu////
A D/include////
A D/inorganicbuilder////
A D/intersurf////
A D/irspecgui////
A D/jmvexport////
A D/libbiokit////
A D/mdff////
A D/membrane////
A D/mergestructs////
A D/molefacture////
A D/molfile_plugin////
A D/moltoptools////
A D/msvc////
A D/multimolanim////
A D/multiplot////
A D/multiseq////
A D/multiseqdialog////
A D/multitext////
A D/mutator////
A D/namdenergy////
A D/namdgui////
A D/namdplot////
A D/namdrun////
A D/namdserver////
A D/nanotube////
A D/navfly////
A D/navigate////
A D/networkview////
A D/nmwiz////
A D/optimization////
A D/palettetool////
A D/paratool////
A D/parsefep////
A D/pbctools////
A D/pdbtool////
A D/phylotree////
A D/plotter////
A D/plumed////
A D/pmepot////
A D/propka////
A D/psfgen////
A D/psipred////
A D/qmtool////
A D/ramaplot////
A D/readcharmmpar////
A D/readcharmmtop////
A D/remote////
A D/resptool////
A D/rmsd////
A D/rmsdtt////
A D/rmsdvt////
A D/rnaview////
A D/ruler////
A D/runante////
A D/runsqm////
A D/saltbr////
A D/seqdata////
A D/seqedit////
A D/signalproc////
A D/simpleedit////
A D/solvate////
A D/ssrestraints////
A D/stamp////
A D/stingtool////
A D/symmetrytool////
A D/textview////
A D/timeline////
A D/topotools////
A D/trunctraj////
A D/updater////
A D/utilities////
A D/vdna////
A D/viewchangerender////
A D/viewmaster////
A D/vmddebug////
A D/vmdmovie////
A D/vmdprefs////
A D/vmdtkcon////
A D/volmapgui////
A D/volutil////
A D/zoomseq////
